[2018-05-15 11:02:35,668] INFO [Controller 0]: Controller starting up (kafka.controller.KafkaController)
[2018-05-15 11:02:35,776] INFO [Controller 0]: Broker 0 starting become controller state transition (kafka.controller.KafkaController)
[2018-05-15 11:02:35,806] INFO [Controller 0]: Controller 0 incremented epoch to 1 (kafka.controller.KafkaController)
[2018-05-15 11:02:35,809] DEBUG [Controller 0]: Registering IsrChangeNotificationListener (kafka.controller.KafkaController)
[2018-05-15 11:02:35,833] INFO [Controller 0]: Partitions undergoing preferred replica election:  (kafka.controller.KafkaController)
[2018-05-15 11:02:35,834] INFO [Controller 0]: Partitions that completed preferred replica election:  (kafka.controller.KafkaController)
[2018-05-15 11:02:35,834] INFO [Controller 0]: Resuming preferred replica election for partitions:  (kafka.controller.KafkaController)
[2018-05-15 11:02:35,839] INFO [Controller 0]: Partitions being reassigned: Map() (kafka.controller.KafkaController)
[2018-05-15 11:02:35,840] INFO [Controller 0]: Partitions already reassigned: List() (kafka.controller.KafkaController)
[2018-05-15 11:02:35,843] INFO [Controller 0]: Resuming reassignment of partitions: Map() (kafka.controller.KafkaController)
[2018-05-15 11:02:35,848] INFO [Controller 0]: List of topics to be deleted:  (kafka.controller.KafkaController)
[2018-05-15 11:02:35,849] INFO [Controller 0]: List of topics ineligible for deletion:  (kafka.controller.KafkaController)
[2018-05-15 11:02:35,854] INFO [Controller 0]: Currently active brokers in the cluster: Set() (kafka.controller.KafkaController)
[2018-05-15 11:02:35,855] INFO [Controller 0]: Currently shutting brokers in the cluster: Set() (kafka.controller.KafkaController)
[2018-05-15 11:02:35,855] INFO [Controller 0]: Current list of topics in the cluster: Set() (kafka.controller.KafkaController)
[2018-05-15 11:02:35,859] INFO [Replica state machine on controller 0]: Started replica state machine with initial state -> Map() (kafka.controller.ReplicaStateMachine)
[2018-05-15 11:02:35,871] INFO [Partition state machine on Controller 0]: Started partition state machine with initial state -> Map() (kafka.controller.PartitionStateMachine)
[2018-05-15 11:02:35,873] INFO [Controller 0]: Broker 0 is ready to serve as the new controller with epoch 1 (kafka.controller.KafkaController)
[2018-05-15 11:02:35,874] INFO [Controller 0]: Starting preferred replica leader election for partitions  (kafka.controller.KafkaController)
[2018-05-15 11:02:35,876] INFO [Partition state machine on Controller 0]: Invoking state change to OnlinePartition for partitions  (kafka.controller.PartitionStateMachine)
[2018-05-15 11:02:35,896] INFO [Controller 0]: starting the partition rebalance scheduler (kafka.controller.KafkaController)
[2018-05-15 11:02:35,898] INFO [Controller 0]: Controller startup complete (kafka.controller.KafkaController)
[2018-05-15 11:02:36,152] INFO [BrokerChangeListener on Controller 0]: Broker change listener fired for path /brokers/ids with children 0 (kafka.controller.ReplicaStateMachine$BrokerChangeListener)
[2018-05-15 11:02:36,242] INFO [BrokerChangeListener on Controller 0]: Newly added brokers: 0, deleted brokers: , all live brokers: 0 (kafka.controller.ReplicaStateMachine$BrokerChangeListener)
[2018-05-15 11:02:36,243] DEBUG [Channel manager on controller 0]: Controller 0 trying to connect to broker 0 (kafka.controller.ControllerChannelManager)
[2018-05-15 11:02:36,262] INFO [Controller 0]: New broker startup callback for 0 (kafka.controller.KafkaController)
[2018-05-15 11:02:36,270] INFO [Controller-0-to-broker-0-send-thread], Starting  (kafka.controller.RequestSendThread)
[2018-05-15 11:02:36,301] INFO [Controller-0-to-broker-0-send-thread], Controller 0 connected to akanksha:9092 (id: 0 rack: null) for sending state change requests (kafka.controller.RequestSendThread)
[2018-05-15 11:02:40,898] TRACE [Controller 0]: checking need to trigger partition rebalance (kafka.controller.KafkaController)
[2018-05-15 11:02:40,899] DEBUG [Controller 0]: preferred replicas by broker Map() (kafka.controller.KafkaController)
[2018-05-15 11:07:40,897] TRACE [Controller 0]: checking need to trigger partition rebalance (kafka.controller.KafkaController)
[2018-05-15 11:07:40,897] DEBUG [Controller 0]: preferred replicas by broker Map() (kafka.controller.KafkaController)
[2018-05-15 11:09:08,289] INFO [Controller 0]: Shutting down broker 0 (kafka.controller.KafkaController)
[2018-05-15 11:09:08,290] DEBUG [Controller 0]: All shutting down brokers: 0 (kafka.controller.KafkaController)
[2018-05-15 11:09:08,290] DEBUG [Controller 0]: Live brokers:  (kafka.controller.KafkaController)
[2018-05-15 11:09:08,292] TRACE [Controller 0]: All leaders =  (kafka.controller.KafkaController)
[2018-05-15 11:09:09,563] DEBUG [Controller 0]: Controller resigning, broker id 0 (kafka.controller.KafkaController)
[2018-05-15 11:09:09,563] DEBUG [Controller 0]: De-registering IsrChangeNotificationListener (kafka.controller.KafkaController)
[2018-05-15 11:09:09,564] INFO [Partition state machine on Controller 0]: Stopped partition state machine (kafka.controller.PartitionStateMachine)
[2018-05-15 11:09:09,564] INFO [Replica state machine on controller 0]: Stopped replica state machine (kafka.controller.ReplicaStateMachine)
[2018-05-15 11:09:09,565] INFO [Controller-0-to-broker-0-send-thread], Shutting down (kafka.controller.RequestSendThread)
[2018-05-15 11:09:09,566] INFO [Controller-0-to-broker-0-send-thread], Stopped  (kafka.controller.RequestSendThread)
[2018-05-15 11:09:09,566] INFO [Controller-0-to-broker-0-send-thread], Shutdown completed (kafka.controller.RequestSendThread)
[2018-05-15 11:09:09,566] INFO [Controller 0]: Broker 0 resigned as the controller (kafka.controller.KafkaController)
