[2018-05-15 11:02:35,070] INFO starting (kafka.server.KafkaServer)
[2018-05-15 11:02:35,083] INFO Connecting to zookeeper on localhost:2181 (kafka.server.KafkaServer)
[2018-05-15 11:02:35,112] INFO Starting ZkClient event thread. (org.I0Itec.zkclient.ZkEventThread)
[2018-05-15 11:02:35,149] INFO Waiting for keeper state SyncConnected (org.I0Itec.zkclient.ZkClient)
[2018-05-15 11:02:35,212] INFO zookeeper state changed (SyncConnected) (org.I0Itec.zkclient.ZkClient)
[2018-05-15 11:02:35,436] INFO Log directory '/tmp/kafka_data' not found, creating it. (kafka.log.LogManager)
[2018-05-15 11:02:35,443] INFO Loading logs. (kafka.log.LogManager)
[2018-05-15 11:02:35,451] INFO Logs loading complete. (kafka.log.LogManager)
[2018-05-15 11:02:35,526] INFO Starting log cleanup with a period of 300000 ms. (kafka.log.LogManager)
[2018-05-15 11:02:35,528] INFO Starting log flusher with a default period of 9223372036854775807 ms. (kafka.log.LogManager)
[2018-05-15 11:02:35,532] WARN No meta.properties file under dir /tmp/kafka_data/meta.properties (kafka.server.BrokerMetadataCheckpoint)
[2018-05-15 11:02:35,594] INFO Awaiting socket connections on 0.0.0.0:9092. (kafka.network.Acceptor)
[2018-05-15 11:02:35,605] INFO [Socket Server on Broker 0], Started 1 acceptor threads (kafka.network.SocketServer)
[2018-05-15 11:02:35,632] INFO [ExpirationReaper-0], Starting  (kafka.server.DelayedOperationPurgatory$ExpiredOperationReaper)
[2018-05-15 11:02:35,634] INFO [ExpirationReaper-0], Starting  (kafka.server.DelayedOperationPurgatory$ExpiredOperationReaper)
[2018-05-15 11:02:35,713] INFO Creating /controller (is it secure? false) (kafka.utils.ZKCheckedEphemeral)
[2018-05-15 11:02:35,774] INFO Result of znode creation is: OK (kafka.utils.ZKCheckedEphemeral)
[2018-05-15 11:02:35,775] INFO 0 successfully elected as leader (kafka.server.ZookeeperLeaderElector)
[2018-05-15 11:02:35,916] INFO [ExpirationReaper-0], Starting  (kafka.server.DelayedOperationPurgatory$ExpiredOperationReaper)
[2018-05-15 11:02:35,922] INFO [ExpirationReaper-0], Starting  (kafka.server.DelayedOperationPurgatory$ExpiredOperationReaper)
[2018-05-15 11:02:35,943] INFO [GroupCoordinator 0]: Starting up. (kafka.coordinator.GroupCoordinator)
[2018-05-15 11:02:35,944] INFO [GroupCoordinator 0]: Startup complete. (kafka.coordinator.GroupCoordinator)
[2018-05-15 11:02:35,996] INFO [Group Metadata Manager on Broker 0]: Removed 0 expired offsets in 8 milliseconds. (kafka.coordinator.GroupMetadataManager)
[2018-05-15 11:02:36,039] INFO [ThrottledRequestReaper-Produce], Starting  (kafka.server.ClientQuotaManager$ThrottledRequestReaper)
[2018-05-15 11:02:36,045] INFO [ThrottledRequestReaper-Fetch], Starting  (kafka.server.ClientQuotaManager$ThrottledRequestReaper)
[2018-05-15 11:02:36,093] INFO Will not load MX4J, mx4j-tools.jar is not in the classpath (kafka.utils.Mx4jLoader$)
[2018-05-15 11:02:36,100] INFO New leader is 0 (kafka.server.ZookeeperLeaderElector$LeaderChangeListener)
[2018-05-15 11:02:36,125] INFO Creating /brokers/ids/0 (is it secure? false) (kafka.utils.ZKCheckedEphemeral)
[2018-05-15 11:02:36,150] INFO Result of znode creation is: OK (kafka.utils.ZKCheckedEphemeral)
[2018-05-15 11:02:36,151] INFO Registered broker 0 at path /brokers/ids/0 with addresses: PLAINTEXT -> EndPoint(akanksha,9092,PLAINTEXT) (kafka.utils.ZkUtils)
[2018-05-15 11:02:36,152] WARN No meta.properties file under dir /tmp/kafka_data/meta.properties (kafka.server.BrokerMetadataCheckpoint)
[2018-05-15 11:02:36,218] INFO [Kafka Server 0], started (kafka.server.KafkaServer)
[2018-05-15 11:09:08,221] INFO [Kafka Server 0], shutting down (kafka.server.KafkaServer)
[2018-05-15 11:09:08,222] INFO [Kafka Server 0], Starting controlled shutdown (kafka.server.KafkaServer)
[2018-05-15 11:09:08,295] INFO [Kafka Server 0], Controlled shutdown succeeded (kafka.server.KafkaServer)
[2018-05-15 11:09:08,297] INFO [Socket Server on Broker 0], Shutting down (kafka.network.SocketServer)
[2018-05-15 11:09:08,303] INFO [Socket Server on Broker 0], Shutdown completed (kafka.network.SocketServer)
[2018-05-15 11:09:08,303] INFO [Kafka Request Handler on Broker 0], shutting down (kafka.server.KafkaRequestHandlerPool)
[2018-05-15 11:09:08,305] INFO [Kafka Request Handler on Broker 0], shut down completely (kafka.server.KafkaRequestHandlerPool)
[2018-05-15 11:09:08,307] INFO [ThrottledRequestReaper-Produce], Shutting down (kafka.server.ClientQuotaManager$ThrottledRequestReaper)
[2018-05-15 11:09:09,080] INFO [ThrottledRequestReaper-Produce], Shutdown completed (kafka.server.ClientQuotaManager$ThrottledRequestReaper)
[2018-05-15 11:09:09,080] INFO [ThrottledRequestReaper-Produce], Stopped  (kafka.server.ClientQuotaManager$ThrottledRequestReaper)
[2018-05-15 11:09:09,080] INFO [ThrottledRequestReaper-Fetch], Shutting down (kafka.server.ClientQuotaManager$ThrottledRequestReaper)
[2018-05-15 11:09:09,085] INFO [ThrottledRequestReaper-Fetch], Stopped  (kafka.server.ClientQuotaManager$ThrottledRequestReaper)
[2018-05-15 11:09:09,085] INFO [ThrottledRequestReaper-Fetch], Shutdown completed (kafka.server.ClientQuotaManager$ThrottledRequestReaper)
[2018-05-15 11:09:09,085] INFO [KafkaApi-0] Shutdown complete. (kafka.server.KafkaApis)
[2018-05-15 11:09:09,086] INFO [Replica Manager on Broker 0]: Shutting down (kafka.server.ReplicaManager)
[2018-05-15 11:09:09,086] INFO [ReplicaFetcherManager on broker 0] shutting down (kafka.server.ReplicaFetcherManager)
[2018-05-15 11:09:09,087] INFO [ReplicaFetcherManager on broker 0] shutdown completed (kafka.server.ReplicaFetcherManager)
[2018-05-15 11:09:09,087] INFO [ExpirationReaper-0], Shutting down (kafka.server.DelayedOperationPurgatory$ExpiredOperationReaper)
[2018-05-15 11:09:09,286] INFO [ExpirationReaper-0], Shutdown completed (kafka.server.DelayedOperationPurgatory$ExpiredOperationReaper)
[2018-05-15 11:09:09,286] INFO [ExpirationReaper-0], Shutting down (kafka.server.DelayedOperationPurgatory$ExpiredOperationReaper)
[2018-05-15 11:09:09,286] INFO [ExpirationReaper-0], Stopped  (kafka.server.DelayedOperationPurgatory$ExpiredOperationReaper)
[2018-05-15 11:09:09,486] INFO [ExpirationReaper-0], Stopped  (kafka.server.DelayedOperationPurgatory$ExpiredOperationReaper)
[2018-05-15 11:09:09,486] INFO [ExpirationReaper-0], Shutdown completed (kafka.server.DelayedOperationPurgatory$ExpiredOperationReaper)
[2018-05-15 11:09:09,488] INFO [Replica Manager on Broker 0]: Shut down completely (kafka.server.ReplicaManager)
[2018-05-15 11:09:09,488] INFO Shutting down. (kafka.log.LogManager)
[2018-05-15 11:09:09,492] INFO Shutdown complete. (kafka.log.LogManager)
[2018-05-15 11:09:09,493] INFO [GroupCoordinator 0]: Shutting down. (kafka.coordinator.GroupCoordinator)
[2018-05-15 11:09:09,493] INFO [ExpirationReaper-0], Shutting down (kafka.server.DelayedOperationPurgatory$ExpiredOperationReaper)
[2018-05-15 11:09:09,553] INFO [ExpirationReaper-0], Shutdown completed (kafka.server.DelayedOperationPurgatory$ExpiredOperationReaper)
[2018-05-15 11:09:09,553] INFO [ExpirationReaper-0], Shutting down (kafka.server.DelayedOperationPurgatory$ExpiredOperationReaper)
[2018-05-15 11:09:09,553] INFO [ExpirationReaper-0], Stopped  (kafka.server.DelayedOperationPurgatory$ExpiredOperationReaper)
[2018-05-15 11:09:09,562] INFO [ExpirationReaper-0], Shutdown completed (kafka.server.DelayedOperationPurgatory$ExpiredOperationReaper)
[2018-05-15 11:09:09,562] INFO [ExpirationReaper-0], Stopped  (kafka.server.DelayedOperationPurgatory$ExpiredOperationReaper)
[2018-05-15 11:09:09,562] INFO [GroupCoordinator 0]: Shutdown complete. (kafka.coordinator.GroupCoordinator)
[2018-05-15 11:09:09,567] INFO Terminate ZkClient event thread. (org.I0Itec.zkclient.ZkEventThread)
[2018-05-15 11:09:09,610] INFO [Kafka Server 0], shut down completed (kafka.server.KafkaServer)
